Arguments: 
  /Users/zhuxy/.nvm/versions/node/v10.15.3/bin/node /Users/zhuxy/.nvm/versions/node/v10.15.3/bin/yarn add @babel/traverse --dev

PATH: 
  /Users/zhuxy/.nvm/versions/node/v10.15.3/bin:/usr/local/bin:/usr/bin:/bin:/usr/sbin:/sbin

Yarn version: 
  1.16.0

Node version: 
  10.15.3

Platform: 
  darwin x64

Trace: 
  Error: https://registry.yarnpkg.com/@babel/types/-/types-7.4.4.tgz: ETIMEDOUT
      at Timeout._onTimeout (/Users/zhuxy/.nvm/versions/node/v10.15.3/lib/node_modules/yarn/lib/cli.js:130250:19)
      at ontimeout (timers.js:436:11)
      at tryOnTimeout (timers.js:300:5)
      at listOnTimeout (timers.js:263:5)
      at Timer.processTimers (timers.js:223:10)

npm manifest: 
  {
    "name": "simple-webpack",
    "version": "1.0.0",
    "description": "简化版webpack",
    "main": "index.js",
    "scripts": {
      "test": "echo \"Error: no test specified\" && exit 1"
    },
    "repository": {
      "type": "git",
      "url": "git+https://github.com/ghostcode/simple-webpack.git"
    },
    "author": "",
    "license": "ISC",
    "bugs": {
      "url": "https://github.com/ghostcode/simple-webpack/issues"
    },
    "homepage": "https://github.com/ghostcode/simple-webpack#readme",
    "devDependencies": {
      "@babel/parser": "^7.4.4"
    }
  }

yarn manifest: 
  No manifest

Lockfile: 
  # THIS IS AN AUTOGENERATED FILE. DO NOT EDIT THIS FILE DIRECTLY.
  # yarn lockfile v1
  
  
  "@babel/parser@^7.4.4":
    version "7.4.4"
    resolved "https://registry.yarnpkg.com/@babel/parser/-/parser-7.4.4.tgz#5977129431b8fe33471730d255ce8654ae1250b6"
    integrity sha512-5pCS4mOsL+ANsFZGdvNLybx4wtqAZJ0MJjMHxvzI3bvIsz6sQvzW8XX92EYIkiPtIvcfG3Aj+Ir5VNyjnZhP7w==
